{"contracts/Janken.sol":{"l":{"64":33,"66":31,"67":31,"68":31,"69":31,"70":31,"72":31,"73":31,"75":31,"84":27,"86":27,"87":25,"88":25,"89":23,"91":21,"92":21,"93":21,"95":21,"96":21,"98":21,"108":29,"110":29,"111":29,"112":29,"114":27,"115":27,"117":27,"118":13,"119":13,"120":13,"122":14,"123":10,"124":10,"127":23,"128":9,"129":9,"130":4,"132":3,"134":2,"135":2,"137":9,"139":9,"150":9,"152":9,"153":9,"155":9,"157":9,"159":5,"160":5,"164":26,"166":26,"168":24,"170":4,"171":4,"173":4,"174":4,"176":4,"180":6,"181":6,"185":2,"186":2,"190":9,"191":2,"197":4,"203":3,"205":0,"210":24,"217":22,"226":58,"230":52,"234":10,"235":6,"237":4,"239":0,"244":64,"248":63,"252":27,"253":0,"255":16,"257":3,"259":8,"261":0,"266":27},"path":"/Users/iwamotoyuusaku/go/src/github.com/flada-auxv/janken-solidity/contracts/Janken.sol","s":{"1":33,"2":31,"3":31,"4":31,"5":31,"6":31,"7":31,"8":31,"9":31,"10":27,"11":27,"12":25,"13":25,"14":23,"15":21,"16":21,"17":21,"18":21,"19":21,"20":21,"21":29,"22":29,"23":29,"24":29,"25":27,"26":27,"27":27,"28":13,"29":13,"30":13,"31":14,"32":14,"33":10,"34":10,"35":23,"36":9,"37":9,"38":4,"39":5,"40":3,"41":2,"42":2,"43":2,"44":9,"45":9,"46":9,"47":9,"48":9,"49":9,"50":9,"51":5,"52":26,"53":26,"54":24,"55":4,"56":4,"57":4,"58":4,"59":6,"60":6,"61":2,"62":2,"63":9,"64":2,"65":7,"66":4,"67":3,"68":3,"69":0,"70":24,"71":22,"72":58,"73":52,"74":10,"75":6,"76":4,"77":4,"78":0,"79":64,"80":63,"81":27,"82":0,"83":27,"84":16,"85":11,"86":3,"87":8,"88":8,"89":0,"90":27},"b":{"1":[31,2],"2":[25,2],"3":[23,2],"4":[21,2],"5":[27,2],"6":[13,14],"7":[13,0],"8":[14,0],"9":[10,4],"10":[9,14],"11":[4,5],"12":[3,2],"13":[2,0],"14":[5,4],"15":[4,20],"16":[2,7],"17":[4,3],"18":[3,0],"19":[6,4],"20":[4,0],"21":[62,2],"22":[63,0],"23":[0,27],"24":[16,11],"25":[3,8],"26":[8,0]},"f":{"1":32,"2":3,"3":33,"4":27,"5":29,"6":9,"7":26,"8":6,"9":2,"10":9,"11":24,"12":22,"13":58,"14":52,"15":10,"16":64,"17":63,"18":27,"19":27},"fnMap":{"1":{"name":null,"line":39,"loc":{"start":{"line":39,"column":4},"end":{"line":39,"column":30}}},"2":{"name":null,"line":40,"loc":{"start":{"line":40,"column":4},"end":{"line":40,"column":30}}},"3":{"name":"createGame","line":63,"loc":{"start":{"line":63,"column":4},"end":{"line":63,"column":59}}},"4":{"name":"joinGame","line":83,"loc":{"start":{"line":83,"column":4},"end":{"line":83,"column":69}}},"5":{"name":"revealHand","line":107,"loc":{"start":{"line":107,"column":4},"end":{"line":107,"column":73}}},"6":{"name":"withdraw","line":149,"loc":{"start":{"line":149,"column":4},"end":{"line":149,"column":38}}},"7":{"name":"rescue","line":163,"loc":{"start":{"line":163,"column":4},"end":{"line":163,"column":36}}},"8":{"name":"getAllowedWithdrawalAmount","line":179,"loc":{"start":{"line":179,"column":4},"end":{"line":179,"column":93}}},"9":{"name":"depositOf","line":184,"loc":{"start":{"line":184,"column":4},"end":{"line":184,"column":73}}},"10":{"name":"judge","line":189,"loc":{"start":{"line":189,"column":4},"end":{"line":189,"column":69}}},"11":{"name":"isAllowedToRescueAtCreated","line":209,"loc":{"start":{"line":209,"column":4},"end":{"line":209,"column":83}}},"12":{"name":"isAllowedToRescueAtStarted","line":216,"loc":{"start":{"line":216,"column":4},"end":{"line":216,"column":83}}},"13":{"name":"hasOver","line":224,"loc":{"start":{"line":224,"column":4},"end":{"line":224,"column":59}}},"14":{"name":"hasNotOver","line":229,"loc":{"start":{"line":229,"column":4},"end":{"line":229,"column":62}}},"15":{"name":"isRevealed","line":233,"loc":{"start":{"line":233,"column":4},"end":{"line":233,"column":80}}},"16":{"name":"restrictAccessOnlyParticipants","line":243,"loc":{"start":{"line":243,"column":4},"end":{"line":243,"column":88}}},"17":{"name":"gameStatusShouldBe","line":247,"loc":{"start":{"line":247,"column":4},"end":{"line":247,"column":79}}},"18":{"name":"convertIntToHand","line":251,"loc":{"start":{"line":251,"column":4},"end":{"line":251,"column":72}}},"19":{"name":"encryptedHand","line":265,"loc":{"start":{"line":265,"column":4},"end":{"line":265,"column":88}}}},"statementMap":{"1":{"start":{"line":64,"column":8},"end":{"line":64,"column":82}},"2":{"start":{"line":66,"column":8},"end":{"line":66,"column":18}},"3":{"start":{"line":67,"column":8},"end":{"line":67,"column":40}},"4":{"start":{"line":68,"column":8},"end":{"line":68,"column":29}},"5":{"start":{"line":69,"column":8},"end":{"line":69,"column":44}},"6":{"start":{"line":70,"column":8},"end":{"line":70,"column":45}},"7":{"start":{"line":72,"column":8},"end":{"line":72,"column":70}},"8":{"start":{"line":73,"column":8},"end":{"line":73,"column":39}},"9":{"start":{"line":75,"column":8},"end":{"line":75,"column":2105}},"10":{"start":{"line":84,"column":8},"end":{"line":84,"column":36}},"11":{"start":{"line":86,"column":8},"end":{"line":86,"column":81}},"12":{"start":{"line":87,"column":8},"end":{"line":87,"column":51}},"13":{"start":{"line":88,"column":8},"end":{"line":88,"column":108}},"14":{"start":{"line":89,"column":8},"end":{"line":89,"column":88}},"15":{"start":{"line":91,"column":8},"end":{"line":91,"column":33}},"16":{"start":{"line":92,"column":8},"end":{"line":92,"column":44}},"17":{"start":{"line":93,"column":8},"end":{"line":93,"column":49}},"18":{"start":{"line":95,"column":8},"end":{"line":95,"column":72}},"19":{"start":{"line":96,"column":8},"end":{"line":96,"column":39}},"20":{"start":{"line":98,"column":8},"end":{"line":98,"column":3028}},"21":{"start":{"line":108,"column":8},"end":{"line":108,"column":36}},"22":{"start":{"line":110,"column":8},"end":{"line":110,"column":51}},"23":{"start":{"line":111,"column":8},"end":{"line":111,"column":55}},"24":{"start":{"line":112,"column":8},"end":{"line":112,"column":109}},"25":{"start":{"line":114,"column":8},"end":{"line":114,"column":44}},"26":{"start":{"line":115,"column":8},"end":{"line":115,"column":53}},"27":{"start":{"line":117,"column":8},"end":{"line":117,"column":3660}},"28":{"start":{"line":118,"column":12},"end":{"line":118,"column":84}},"29":{"start":{"line":119,"column":12},"end":{"line":119,"column":40}},"30":{"start":{"line":120,"column":12},"end":{"line":120,"column":35}},"31":{"start":{"line":121,"column":15},"end":{"line":121,"column":3874}},"32":{"start":{"line":122,"column":12},"end":{"line":122,"column":88}},"33":{"start":{"line":123,"column":12},"end":{"line":123,"column":44}},"34":{"start":{"line":124,"column":12},"end":{"line":124,"column":39}},"35":{"start":{"line":127,"column":8},"end":{"line":127,"column":4108}},"36":{"start":{"line":128,"column":12},"end":{"line":128,"column":84}},"37":{"start":{"line":129,"column":12},"end":{"line":129,"column":4297}},"38":{"start":{"line":130,"column":16},"end":{"line":130,"column":82}},"39":{"start":{"line":131,"column":19},"end":{"line":131,"column":4429}},"40":{"start":{"line":132,"column":16},"end":{"line":132,"column":90}},"41":{"start":{"line":133,"column":19},"end":{"line":133,"column":4570}},"42":{"start":{"line":134,"column":16},"end":{"line":134,"column":75}},"43":{"start":{"line":135,"column":16},"end":{"line":135,"column":83}},"44":{"start":{"line":137,"column":12},"end":{"line":137,"column":55}},"45":{"start":{"line":139,"column":12},"end":{"line":139,"column":4849}},"46":{"start":{"line":150,"column":8},"end":{"line":150,"column":36}},"47":{"start":{"line":152,"column":8},"end":{"line":152,"column":63}},"48":{"start":{"line":153,"column":8},"end":{"line":153,"column":55}},"49":{"start":{"line":155,"column":8},"end":{"line":155,"column":65}},"50":{"start":{"line":157,"column":8},"end":{"line":157,"column":69}},"51":{"start":{"line":159,"column":8},"end":{"line":159,"column":45}},"52":{"start":{"line":164,"column":8},"end":{"line":164,"column":36}},"53":{"start":{"line":166,"column":8},"end":{"line":166,"column":55}},"54":{"start":{"line":168,"column":8},"end":{"line":168,"column":102}},"55":{"start":{"line":170,"column":8},"end":{"line":170,"column":53}},"56":{"start":{"line":171,"column":8},"end":{"line":171,"column":61}},"57":{"start":{"line":173,"column":8},"end":{"line":173,"column":35}},"58":{"start":{"line":174,"column":8},"end":{"line":174,"column":39}},"59":{"start":{"line":180,"column":8},"end":{"line":180,"column":36}},"60":{"start":{"line":181,"column":8},"end":{"line":181,"column":43}},"61":{"start":{"line":185,"column":8},"end":{"line":185,"column":36}},"62":{"start":{"line":186,"column":8},"end":{"line":186,"column":34}},"63":{"start":{"line":190,"column":8},"end":{"line":190,"column":6487}},"64":{"start":{"line":191,"column":12},"end":{"line":191,"column":30}},"65":{"start":{"line":192,"column":15},"end":{"line":192,"column":6556}},"66":{"start":{"line":197,"column":12},"end":{"line":197,"column":29}},"67":{"start":{"line":198,"column":15},"end":{"line":198,"column":6791}},"68":{"start":{"line":203,"column":12},"end":{"line":203,"column":30}},"69":{"start":{"line":205,"column":12},"end":{"line":205,"column":33}},"70":{"start":{"line":210,"column":8},"end":{"line":210,"column":7206}},"71":{"start":{"line":217,"column":8},"end":{"line":217,"column":7469}},"72":{"start":{"line":226,"column":8},"end":{"line":226,"column":37}},"73":{"start":{"line":230,"column":8},"end":{"line":230,"column":29}},"74":{"start":{"line":234,"column":8},"end":{"line":234,"column":8026}},"75":{"start":{"line":235,"column":12},"end":{"line":235,"column":54}},"76":{"start":{"line":236,"column":15},"end":{"line":236,"column":8122}},"77":{"start":{"line":237,"column":12},"end":{"line":237,"column":58}},"78":{"start":{"line":239,"column":12},"end":{"line":239,"column":35}},"79":{"start":{"line":244,"column":8},"end":{"line":244,"column":75}},"80":{"start":{"line":248,"column":8},"end":{"line":248,"column":58}},"81":{"start":{"line":252,"column":8},"end":{"line":252,"column":8698}},"82":{"start":{"line":253,"column":12},"end":{"line":253,"column":34}},"83":{"start":{"line":254,"column":15},"end":{"line":254,"column":8770}},"84":{"start":{"line":255,"column":12},"end":{"line":255,"column":28}},"85":{"start":{"line":256,"column":15},"end":{"line":256,"column":8835}},"86":{"start":{"line":257,"column":12},"end":{"line":257,"column":29}},"87":{"start":{"line":258,"column":15},"end":{"line":258,"column":8901}},"88":{"start":{"line":259,"column":12},"end":{"line":259,"column":32}},"89":{"start":{"line":261,"column":12},"end":{"line":261,"column":34}},"90":{"start":{"line":266,"column":8},"end":{"line":266,"column":59}}},"branchMap":{"1":{"line":64,"type":"if","locations":[{"start":{"line":64,"column":8},"end":{"line":64,"column":8}},{"start":{"line":64,"column":8},"end":{"line":64,"column":8}}]},"2":{"line":86,"type":"if","locations":[{"start":{"line":86,"column":8},"end":{"line":86,"column":8}},{"start":{"line":86,"column":8},"end":{"line":86,"column":8}}]},"3":{"line":88,"type":"if","locations":[{"start":{"line":88,"column":8},"end":{"line":88,"column":8}},{"start":{"line":88,"column":8},"end":{"line":88,"column":8}}]},"4":{"line":89,"type":"if","locations":[{"start":{"line":89,"column":8},"end":{"line":89,"column":8}},{"start":{"line":89,"column":8},"end":{"line":89,"column":8}}]},"5":{"line":112,"type":"if","locations":[{"start":{"line":112,"column":8},"end":{"line":112,"column":8}},{"start":{"line":112,"column":8},"end":{"line":112,"column":8}}]},"6":{"line":117,"type":"if","locations":[{"start":{"line":117,"column":8},"end":{"line":117,"column":8}},{"start":{"line":117,"column":8},"end":{"line":117,"column":8}}]},"7":{"line":118,"type":"if","locations":[{"start":{"line":118,"column":12},"end":{"line":118,"column":12}},{"start":{"line":118,"column":12},"end":{"line":118,"column":12}}]},"8":{"line":121,"type":"if","locations":[{"start":{"line":121,"column":15},"end":{"line":121,"column":15}},{"start":{"line":121,"column":15},"end":{"line":121,"column":15}}]},"9":{"line":122,"type":"if","locations":[{"start":{"line":122,"column":12},"end":{"line":122,"column":12}},{"start":{"line":122,"column":12},"end":{"line":122,"column":12}}]},"10":{"line":127,"type":"if","locations":[{"start":{"line":127,"column":8},"end":{"line":127,"column":8}},{"start":{"line":127,"column":8},"end":{"line":127,"column":8}}]},"11":{"line":129,"type":"if","locations":[{"start":{"line":129,"column":12},"end":{"line":129,"column":12}},{"start":{"line":129,"column":12},"end":{"line":129,"column":12}}]},"12":{"line":131,"type":"if","locations":[{"start":{"line":131,"column":19},"end":{"line":131,"column":19}},{"start":{"line":131,"column":19},"end":{"line":131,"column":19}}]},"13":{"line":133,"type":"if","locations":[{"start":{"line":133,"column":19},"end":{"line":133,"column":19}},{"start":{"line":133,"column":19},"end":{"line":133,"column":19}}]},"14":{"line":157,"type":"if","locations":[{"start":{"line":157,"column":8},"end":{"line":157,"column":8}},{"start":{"line":157,"column":8},"end":{"line":157,"column":8}}]},"15":{"line":168,"type":"if","locations":[{"start":{"line":168,"column":8},"end":{"line":168,"column":8}},{"start":{"line":168,"column":8},"end":{"line":168,"column":8}}]},"16":{"line":190,"type":"if","locations":[{"start":{"line":190,"column":8},"end":{"line":190,"column":8}},{"start":{"line":190,"column":8},"end":{"line":190,"column":8}}]},"17":{"line":192,"type":"if","locations":[{"start":{"line":192,"column":15},"end":{"line":192,"column":15}},{"start":{"line":192,"column":15},"end":{"line":192,"column":15}}]},"18":{"line":198,"type":"if","locations":[{"start":{"line":198,"column":15},"end":{"line":198,"column":15}},{"start":{"line":198,"column":15},"end":{"line":198,"column":15}}]},"19":{"line":234,"type":"if","locations":[{"start":{"line":234,"column":8},"end":{"line":234,"column":8}},{"start":{"line":234,"column":8},"end":{"line":234,"column":8}}]},"20":{"line":236,"type":"if","locations":[{"start":{"line":236,"column":15},"end":{"line":236,"column":15}},{"start":{"line":236,"column":15},"end":{"line":236,"column":15}}]},"21":{"line":244,"type":"if","locations":[{"start":{"line":244,"column":8},"end":{"line":244,"column":8}},{"start":{"line":244,"column":8},"end":{"line":244,"column":8}}]},"22":{"line":248,"type":"if","locations":[{"start":{"line":248,"column":8},"end":{"line":248,"column":8}},{"start":{"line":248,"column":8},"end":{"line":248,"column":8}}]},"23":{"line":252,"type":"if","locations":[{"start":{"line":252,"column":8},"end":{"line":252,"column":8}},{"start":{"line":252,"column":8},"end":{"line":252,"column":8}}]},"24":{"line":254,"type":"if","locations":[{"start":{"line":254,"column":15},"end":{"line":254,"column":15}},{"start":{"line":254,"column":15},"end":{"line":254,"column":15}}]},"25":{"line":256,"type":"if","locations":[{"start":{"line":256,"column":15},"end":{"line":256,"column":15}},{"start":{"line":256,"column":15},"end":{"line":256,"column":15}}]},"26":{"line":258,"type":"if","locations":[{"start":{"line":258,"column":15},"end":{"line":258,"column":15}},{"start":{"line":258,"column":15},"end":{"line":258,"column":15}}]}}}}